[2021.02.08 11:21:20] (Coverage): Failed to load coverage data from file: /home/ricardo/.cache/JetBrains/IdeaIC2020.1/coverage/worker_disputes$Tests_in__worker_disputes_.ic
java.io.EOFException
	at java.base/java.io.DataInputStream.readByte(DataInputStream.java:272)
	at com.intellij.rt.coverage.util.CoverageIOUtil.readUTFFast(CoverageIOUtil.java:106)
	at com.intellij.rt.coverage.util.ProjectDataLoader.expand(ProjectDataLoader.java:107)
	at com.intellij.rt.coverage.util.ProjectDataLoader.load(ProjectDataLoader.java:49)
	at com.intellij.coverage.IDEACoverageRunner.loadCoverageData(IDEACoverageRunner.java:26)
	at com.intellij.coverage.BaseCoverageSuite.loadProjectInfo(BaseCoverageSuite.java:259)
	at com.intellij.coverage.JavaCoverageSuite.getCoverageData(JavaCoverageSuite.java:165)
	at com.intellij.coverage.CoverageSuitesBundle.getCoverageData(CoverageSuitesBundle.java:96)
	at com.intellij.coverage.PackageAnnotator.annotate(PackageAnnotator.java:140)
	at com.intellij.coverage.JavaCoverageAnnotator.lambda$createRenewRequest$1(JavaCoverageAnnotator.java:138)
	at com.intellij.coverage.BaseCoverageAnnotator$1.run(BaseCoverageAnnotator.java:38)
	at com.intellij.openapi.progress.impl.CoreProgressManager$TaskRunnable.run(CoreProgressManager.java:930)
	at com.intellij.openapi.progress.impl.CoreProgressManager.lambda$runProcessWithProgressAsync$5(CoreProgressManager.java:432)
	at com.intellij.openapi.progress.impl.ProgressRunner.lambda$null$3(ProgressRunner.java:233)
	at com.intellij.openapi.progress.impl.CoreProgressManager.lambda$runProcess$2(CoreProgressManager.java:164)
	at com.intellij.openapi.progress.impl.CoreProgressManager.registerIndicatorAndRun(CoreProgressManager.java:625)
	at com.intellij.openapi.progress.impl.CoreProgressManager.executeProcessUnderProgress(CoreProgressManager.java:570)
	at com.intellij.openapi.progress.impl.ProgressManagerImpl.executeProcessUnderProgress(ProgressManagerImpl.java:61)
	at com.intellij.openapi.progress.impl.CoreProgressManager.runProcess(CoreProgressManager.java:151)
	at com.intellij.openapi.progress.impl.ProgressRunner.lambda$submit$4(ProgressRunner.java:233)
	at java.base/java.util.concurrent.CompletableFuture$AsyncSupply.run(CompletableFuture.java:1700)
	at java.base/java.util.concurrent.ThreadPoolExecutor.runWorker(ThreadPoolExecutor.java:1128)
	at java.base/java.util.concurrent.ThreadPoolExecutor$Worker.run(ThreadPoolExecutor.java:628)
	at java.base/java.lang.Thread.run(Thread.java:834)
[2021.02.08 11:27:55] (Coverage): Failed to load coverage data from file: /home/ricardo/.cache/JetBrains/IdeaIC2020.1/coverage/worker_disputes$Tests_in__worker_disputes_.ic
java.io.EOFException
	at java.base/java.io.DataInputStream.readByte(DataInputStream.java:272)
	at com.intellij.rt.coverage.util.CoverageIOUtil.readUTFFast(CoverageIOUtil.java:106)
	at com.intellij.rt.coverage.util.ProjectDataLoader.expand(ProjectDataLoader.java:107)
	at com.intellij.rt.coverage.util.ProjectDataLoader.load(ProjectDataLoader.java:49)
	at com.intellij.coverage.IDEACoverageRunner.loadCoverageData(IDEACoverageRunner.java:26)
	at com.intellij.coverage.BaseCoverageSuite.loadProjectInfo(BaseCoverageSuite.java:259)
	at com.intellij.coverage.JavaCoverageSuite.getCoverageData(JavaCoverageSuite.java:165)
	at com.intellij.coverage.CoverageSuitesBundle.getCoverageData(CoverageSuitesBundle.java:96)
	at com.intellij.coverage.PackageAnnotator.annotate(PackageAnnotator.java:140)
	at com.intellij.coverage.JavaCoverageAnnotator.lambda$createRenewRequest$1(JavaCoverageAnnotator.java:138)
	at com.intellij.coverage.BaseCoverageAnnotator$1.run(BaseCoverageAnnotator.java:38)
	at com.intellij.openapi.progress.impl.CoreProgressManager$TaskRunnable.run(CoreProgressManager.java:930)
	at com.intellij.openapi.progress.impl.CoreProgressManager.lambda$runProcessWithProgressAsync$5(CoreProgressManager.java:432)
	at com.intellij.openapi.progress.impl.ProgressRunner.lambda$null$3(ProgressRunner.java:233)
	at com.intellij.openapi.progress.impl.CoreProgressManager.lambda$runProcess$2(CoreProgressManager.java:164)
	at com.intellij.openapi.progress.impl.CoreProgressManager.registerIndicatorAndRun(CoreProgressManager.java:625)
	at com.intellij.openapi.progress.impl.CoreProgressManager.executeProcessUnderProgress(CoreProgressManager.java:570)
	at com.intellij.openapi.progress.impl.ProgressManagerImpl.executeProcessUnderProgress(ProgressManagerImpl.java:61)
	at com.intellij.openapi.progress.impl.CoreProgressManager.runProcess(CoreProgressManager.java:151)
	at com.intellij.openapi.progress.impl.ProgressRunner.lambda$submit$4(ProgressRunner.java:233)
	at java.base/java.util.concurrent.CompletableFuture$AsyncSupply.run(CompletableFuture.java:1700)
	at java.base/java.util.concurrent.ThreadPoolExecutor.runWorker(ThreadPoolExecutor.java:1128)
	at java.base/java.util.concurrent.ThreadPoolExecutor$Worker.run(ThreadPoolExecutor.java:628)
	at java.base/java.lang.Thread.run(Thread.java:834)
[2021.02.08 11:30:07] (Coverage): Failed to load coverage data from file: /home/ricardo/.cache/JetBrains/IdeaIC2020.1/coverage/worker_disputes$Tests_in__worker_disputes_.ic
java.io.EOFException
	at java.base/java.io.DataInputStream.readUnsignedByte(DataInputStream.java:295)
	at com.intellij.rt.coverage.util.CoverageIOUtil.readINT(CoverageIOUtil.java:136)
	at com.intellij.rt.coverage.util.ProjectDataLoader.load(ProjectDataLoader.java:64)
	at com.intellij.coverage.IDEACoverageRunner.loadCoverageData(IDEACoverageRunner.java:26)
	at com.intellij.coverage.BaseCoverageSuite.loadProjectInfo(BaseCoverageSuite.java:259)
	at com.intellij.coverage.JavaCoverageSuite.getCoverageData(JavaCoverageSuite.java:165)
	at com.intellij.coverage.CoverageSuitesBundle.getCoverageData(CoverageSuitesBundle.java:96)
	at com.intellij.coverage.PackageAnnotator.annotate(PackageAnnotator.java:140)
	at com.intellij.coverage.JavaCoverageAnnotator.lambda$createRenewRequest$1(JavaCoverageAnnotator.java:138)
	at com.intellij.coverage.BaseCoverageAnnotator$1.run(BaseCoverageAnnotator.java:38)
	at com.intellij.openapi.progress.impl.CoreProgressManager$TaskRunnable.run(CoreProgressManager.java:930)
	at com.intellij.openapi.progress.impl.CoreProgressManager.lambda$runProcessWithProgressAsync$5(CoreProgressManager.java:432)
	at com.intellij.openapi.progress.impl.ProgressRunner.lambda$null$3(ProgressRunner.java:233)
	at com.intellij.openapi.progress.impl.CoreProgressManager.lambda$runProcess$2(CoreProgressManager.java:164)
	at com.intellij.openapi.progress.impl.CoreProgressManager.registerIndicatorAndRun(CoreProgressManager.java:625)
	at com.intellij.openapi.progress.impl.CoreProgressManager.executeProcessUnderProgress(CoreProgressManager.java:570)
	at com.intellij.openapi.progress.impl.ProgressManagerImpl.executeProcessUnderProgress(ProgressManagerImpl.java:61)
	at com.intellij.openapi.progress.impl.CoreProgressManager.runProcess(CoreProgressManager.java:151)
	at com.intellij.openapi.progress.impl.ProgressRunner.lambda$submit$4(ProgressRunner.java:233)
	at java.base/java.util.concurrent.CompletableFuture$AsyncSupply.run(CompletableFuture.java:1700)
	at java.base/java.util.concurrent.ThreadPoolExecutor.runWorker(ThreadPoolExecutor.java:1128)
	at java.base/java.util.concurrent.ThreadPoolExecutor$Worker.run(ThreadPoolExecutor.java:628)
	at java.base/java.lang.Thread.run(Thread.java:834)
[2021.02.08 15:44:45] (Coverage): Failed to load coverage data from file: /home/ricardo/.cache/JetBrains/IdeaIC2020.1/coverage/worker_disputes$Tests_in__worker_disputes_.ic
java.io.EOFException
	at java.base/java.io.DataInputStream.readByte(DataInputStream.java:272)
	at com.intellij.rt.coverage.util.CoverageIOUtil.readUTFFast(CoverageIOUtil.java:106)
	at com.intellij.rt.coverage.util.ProjectDataLoader.expand(ProjectDataLoader.java:107)
	at com.intellij.rt.coverage.util.ProjectDataLoader.load(ProjectDataLoader.java:49)
	at com.intellij.coverage.IDEACoverageRunner.loadCoverageData(IDEACoverageRunner.java:26)
	at com.intellij.coverage.BaseCoverageSuite.loadProjectInfo(BaseCoverageSuite.java:259)
	at com.intellij.coverage.JavaCoverageSuite.getCoverageData(JavaCoverageSuite.java:165)
	at com.intellij.coverage.CoverageSuitesBundle.getCoverageData(CoverageSuitesBundle.java:96)
	at com.intellij.coverage.PackageAnnotator.annotate(PackageAnnotator.java:140)
	at com.intellij.coverage.JavaCoverageAnnotator.lambda$createRenewRequest$1(JavaCoverageAnnotator.java:138)
	at com.intellij.coverage.BaseCoverageAnnotator$1.run(BaseCoverageAnnotator.java:38)
	at com.intellij.openapi.progress.impl.CoreProgressManager$TaskRunnable.run(CoreProgressManager.java:930)
	at com.intellij.openapi.progress.impl.CoreProgressManager.lambda$runProcessWithProgressAsync$5(CoreProgressManager.java:432)
	at com.intellij.openapi.progress.impl.ProgressRunner.lambda$null$3(ProgressRunner.java:233)
	at com.intellij.openapi.progress.impl.CoreProgressManager.lambda$runProcess$2(CoreProgressManager.java:164)
	at com.intellij.openapi.progress.impl.CoreProgressManager.registerIndicatorAndRun(CoreProgressManager.java:625)
	at com.intellij.openapi.progress.impl.CoreProgressManager.executeProcessUnderProgress(CoreProgressManager.java:570)
	at com.intellij.openapi.progress.impl.ProgressManagerImpl.executeProcessUnderProgress(ProgressManagerImpl.java:61)
	at com.intellij.openapi.progress.impl.CoreProgressManager.runProcess(CoreProgressManager.java:151)
	at com.intellij.openapi.progress.impl.ProgressRunner.lambda$submit$4(ProgressRunner.java:233)
	at java.base/java.util.concurrent.CompletableFuture$AsyncSupply.run(CompletableFuture.java:1700)
	at java.base/java.util.concurrent.ThreadPoolExecutor.runWorker(ThreadPoolExecutor.java:1128)
	at java.base/java.util.concurrent.ThreadPoolExecutor$Worker.run(ThreadPoolExecutor.java:628)
	at java.base/java.lang.Thread.run(Thread.java:834)
[2021.02.08 16:02:42] (Coverage): Failed to load coverage data from file: /home/ricardo/.cache/JetBrains/IdeaIC2020.1/coverage/worker_disputes$Tests_in__worker_disputes_.ic
java.io.EOFException
	at java.base/java.io.DataInputStream.readUnsignedShort(DataInputStream.java:345)
	at java.base/java.io.DataInputStream.readUTF(DataInputStream.java:594)
	at java.base/java.io.DataInputStream.readUTF(DataInputStream.java:569)
	at com.intellij.rt.coverage.util.CoverageIOUtil.readUTFFast(CoverageIOUtil.java:108)
	at com.intellij.rt.coverage.util.ProjectDataLoader.expand(ProjectDataLoader.java:107)
	at com.intellij.rt.coverage.util.ProjectDataLoader.load(ProjectDataLoader.java:49)
	at com.intellij.coverage.IDEACoverageRunner.loadCoverageData(IDEACoverageRunner.java:26)
	at com.intellij.coverage.BaseCoverageSuite.loadProjectInfo(BaseCoverageSuite.java:259)
	at com.intellij.coverage.JavaCoverageSuite.getCoverageData(JavaCoverageSuite.java:165)
	at com.intellij.coverage.CoverageSuitesBundle.getCoverageData(CoverageSuitesBundle.java:96)
	at com.intellij.coverage.PackageAnnotator.annotate(PackageAnnotator.java:140)
	at com.intellij.coverage.JavaCoverageAnnotator.lambda$createRenewRequest$1(JavaCoverageAnnotator.java:138)
	at com.intellij.coverage.BaseCoverageAnnotator$1.run(BaseCoverageAnnotator.java:38)
	at com.intellij.openapi.progress.impl.CoreProgressManager$TaskRunnable.run(CoreProgressManager.java:930)
	at com.intellij.openapi.progress.impl.CoreProgressManager.lambda$runProcessWithProgressAsync$5(CoreProgressManager.java:432)
	at com.intellij.openapi.progress.impl.ProgressRunner.lambda$null$3(ProgressRunner.java:233)
	at com.intellij.openapi.progress.impl.CoreProgressManager.lambda$runProcess$2(CoreProgressManager.java:164)
	at com.intellij.openapi.progress.impl.CoreProgressManager.registerIndicatorAndRun(CoreProgressManager.java:625)
	at com.intellij.openapi.progress.impl.CoreProgressManager.executeProcessUnderProgress(CoreProgressManager.java:570)
	at com.intellij.openapi.progress.impl.ProgressManagerImpl.executeProcessUnderProgress(ProgressManagerImpl.java:61)
	at com.intellij.openapi.progress.impl.CoreProgressManager.runProcess(CoreProgressManager.java:151)
	at com.intellij.openapi.progress.impl.ProgressRunner.lambda$submit$4(ProgressRunner.java:233)
	at java.base/java.util.concurrent.CompletableFuture$AsyncSupply.run(CompletableFuture.java:1700)
	at java.base/java.util.concurrent.ThreadPoolExecutor.runWorker(ThreadPoolExecutor.java:1128)
	at java.base/java.util.concurrent.ThreadPoolExecutor$Worker.run(ThreadPoolExecutor.java:628)
	at java.base/java.lang.Thread.run(Thread.java:834)
[2021.02.08 16:03:21] (Coverage): Failed to load coverage data from file: /home/ricardo/.cache/JetBrains/IdeaIC2020.1/coverage/worker_disputes$Tests_in__worker_disputes_.ic
java.io.EOFException
	at java.base/java.io.DataInputStream.readByte(DataInputStream.java:272)
	at com.intellij.rt.coverage.util.CoverageIOUtil.readUTFFast(CoverageIOUtil.java:106)
	at com.intellij.rt.coverage.util.ProjectDataLoader.expand(ProjectDataLoader.java:107)
	at com.intellij.rt.coverage.util.ProjectDataLoader.load(ProjectDataLoader.java:49)
	at com.intellij.coverage.IDEACoverageRunner.loadCoverageData(IDEACoverageRunner.java:26)
	at com.intellij.coverage.BaseCoverageSuite.loadProjectInfo(BaseCoverageSuite.java:259)
	at com.intellij.coverage.JavaCoverageSuite.getCoverageData(JavaCoverageSuite.java:165)
	at com.intellij.coverage.CoverageSuitesBundle.getCoverageData(CoverageSuitesBundle.java:96)
	at com.intellij.coverage.PackageAnnotator.annotate(PackageAnnotator.java:140)
	at com.intellij.coverage.JavaCoverageAnnotator.lambda$createRenewRequest$1(JavaCoverageAnnotator.java:138)
	at com.intellij.coverage.BaseCoverageAnnotator$1.run(BaseCoverageAnnotator.java:38)
	at com.intellij.openapi.progress.impl.CoreProgressManager$TaskRunnable.run(CoreProgressManager.java:930)
	at com.intellij.openapi.progress.impl.CoreProgressManager.lambda$runProcessWithProgressAsync$5(CoreProgressManager.java:432)
	at com.intellij.openapi.progress.impl.ProgressRunner.lambda$null$3(ProgressRunner.java:233)
	at com.intellij.openapi.progress.impl.CoreProgressManager.lambda$runProcess$2(CoreProgressManager.java:164)
	at com.intellij.openapi.progress.impl.CoreProgressManager.registerIndicatorAndRun(CoreProgressManager.java:625)
	at com.intellij.openapi.progress.impl.CoreProgressManager.executeProcessUnderProgress(CoreProgressManager.java:570)
	at com.intellij.openapi.progress.impl.ProgressManagerImpl.executeProcessUnderProgress(ProgressManagerImpl.java:61)
	at com.intellij.openapi.progress.impl.CoreProgressManager.runProcess(CoreProgressManager.java:151)
	at com.intellij.openapi.progress.impl.ProgressRunner.lambda$submit$4(ProgressRunner.java:233)
	at java.base/java.util.concurrent.CompletableFuture$AsyncSupply.run(CompletableFuture.java:1700)
	at java.base/java.util.concurrent.ThreadPoolExecutor.runWorker(ThreadPoolExecutor.java:1128)
	at java.base/java.util.concurrent.ThreadPoolExecutor$Worker.run(ThreadPoolExecutor.java:628)
	at java.base/java.lang.Thread.run(Thread.java:834)
[2021.02.08 16:11:26] (Coverage): Failed to load coverage data from file: /home/ricardo/.cache/JetBrains/IdeaIC2020.1/coverage/worker_disputes$Tests_in__worker_disputes_.ic
java.io.EOFException
	at java.base/java.io.DataInputStream.readByte(DataInputStream.java:272)
	at com.intellij.rt.coverage.util.CoverageIOUtil.readUTFFast(CoverageIOUtil.java:106)
	at com.intellij.rt.coverage.util.ProjectDataLoader.load(ProjectDataLoader.java:40)
	at com.intellij.coverage.IDEACoverageRunner.loadCoverageData(IDEACoverageRunner.java:26)
	at com.intellij.coverage.BaseCoverageSuite.loadProjectInfo(BaseCoverageSuite.java:259)
	at com.intellij.coverage.JavaCoverageSuite.getCoverageData(JavaCoverageSuite.java:165)
	at com.intellij.coverage.CoverageSuitesBundle.getCoverageData(CoverageSuitesBundle.java:96)
	at com.intellij.coverage.PackageAnnotator.annotate(PackageAnnotator.java:140)
	at com.intellij.coverage.JavaCoverageAnnotator.lambda$createRenewRequest$1(JavaCoverageAnnotator.java:138)
	at com.intellij.coverage.BaseCoverageAnnotator$1.run(BaseCoverageAnnotator.java:38)
	at com.intellij.openapi.progress.impl.CoreProgressManager$TaskRunnable.run(CoreProgressManager.java:930)
	at com.intellij.openapi.progress.impl.CoreProgressManager.lambda$runProcessWithProgressAsync$5(CoreProgressManager.java:432)
	at com.intellij.openapi.progress.impl.ProgressRunner.lambda$null$3(ProgressRunner.java:233)
	at com.intellij.openapi.progress.impl.CoreProgressManager.lambda$runProcess$2(CoreProgressManager.java:164)
	at com.intellij.openapi.progress.impl.CoreProgressManager.registerIndicatorAndRun(CoreProgressManager.java:625)
	at com.intellij.openapi.progress.impl.CoreProgressManager.executeProcessUnderProgress(CoreProgressManager.java:570)
	at com.intellij.openapi.progress.impl.ProgressManagerImpl.executeProcessUnderProgress(ProgressManagerImpl.java:61)
	at com.intellij.openapi.progress.impl.CoreProgressManager.runProcess(CoreProgressManager.java:151)
	at com.intellij.openapi.progress.impl.ProgressRunner.lambda$submit$4(ProgressRunner.java:233)
	at java.base/java.util.concurrent.CompletableFuture$AsyncSupply.run(CompletableFuture.java:1700)
	at java.base/java.util.concurrent.ThreadPoolExecutor.runWorker(ThreadPoolExecutor.java:1128)
	at java.base/java.util.concurrent.ThreadPoolExecutor$Worker.run(ThreadPoolExecutor.java:628)
	at java.base/java.lang.Thread.run(Thread.java:834)
[2021.02.08 16:12:18] (Coverage): Failed to load coverage data from file: /home/ricardo/.cache/JetBrains/IdeaIC2020.1/coverage/worker_disputes$Tests_in__worker_disputes_.ic
java.io.EOFException
	at java.base/java.io.DataInputStream.readUnsignedByte(DataInputStream.java:295)
	at com.intellij.rt.coverage.util.CoverageIOUtil.readINT(CoverageIOUtil.java:136)
	at com.intellij.rt.coverage.util.ProjectDataLoader.load(ProjectDataLoader.java:50)
	at com.intellij.coverage.IDEACoverageRunner.loadCoverageData(IDEACoverageRunner.java:26)
	at com.intellij.coverage.BaseCoverageSuite.loadProjectInfo(BaseCoverageSuite.java:259)
	at com.intellij.coverage.JavaCoverageSuite.getCoverageData(JavaCoverageSuite.java:165)
	at com.intellij.coverage.CoverageSuitesBundle.getCoverageData(CoverageSuitesBundle.java:96)
	at com.intellij.coverage.PackageAnnotator.annotate(PackageAnnotator.java:140)
	at com.intellij.coverage.JavaCoverageAnnotator.lambda$createRenewRequest$1(JavaCoverageAnnotator.java:138)
	at com.intellij.coverage.BaseCoverageAnnotator$1.run(BaseCoverageAnnotator.java:38)
	at com.intellij.openapi.progress.impl.CoreProgressManager$TaskRunnable.run(CoreProgressManager.java:930)
	at com.intellij.openapi.progress.impl.CoreProgressManager.lambda$runProcessWithProgressAsync$5(CoreProgressManager.java:432)
	at com.intellij.openapi.progress.impl.ProgressRunner.lambda$null$3(ProgressRunner.java:233)
	at com.intellij.openapi.progress.impl.CoreProgressManager.lambda$runProcess$2(CoreProgressManager.java:164)
	at com.intellij.openapi.progress.impl.CoreProgressManager.registerIndicatorAndRun(CoreProgressManager.java:625)
	at com.intellij.openapi.progress.impl.CoreProgressManager.executeProcessUnderProgress(CoreProgressManager.java:570)
	at com.intellij.openapi.progress.impl.ProgressManagerImpl.executeProcessUnderProgress(ProgressManagerImpl.java:61)
	at com.intellij.openapi.progress.impl.CoreProgressManager.runProcess(CoreProgressManager.java:151)
	at com.intellij.openapi.progress.impl.ProgressRunner.lambda$submit$4(ProgressRunner.java:233)
	at java.base/java.util.concurrent.CompletableFuture$AsyncSupply.run(CompletableFuture.java:1700)
	at java.base/java.util.concurrent.ThreadPoolExecutor.runWorker(ThreadPoolExecutor.java:1128)
	at java.base/java.util.concurrent.ThreadPoolExecutor$Worker.run(ThreadPoolExecutor.java:628)
	at java.base/java.lang.Thread.run(Thread.java:834)
